[debug] [2018-03-17T03:40:28.078Z] ----------------------------------------------------------------------
[debug] [2018-03-17T03:40:28.078Z] Command:       C:\Program Files\nodejs\node.exe C:\Users\jerry.ho\AppData\Roaming\npm\node_modules\firebase-tools\bin\firebase serve
[debug] [2018-03-17T03:40:28.078Z] CLI Version:   3.17.6
[debug] [2018-03-17T03:40:28.078Z] Platform:      win32
[debug] [2018-03-17T03:40:28.078Z] Node Version:  v9.0.0
[debug] [2018-03-17T03:40:28.078Z] Time:          Sat Mar 17 2018 11:40:28 GMT+0800 (Malay Peninsula Standard Time)
[debug] [2018-03-17T03:40:28.078Z] ----------------------------------------------------------------------
[debug] 
[debug] [2018-03-17T03:40:28.093Z] > command requires scopes: ["email","openid","https://www.googleapis.com/auth/cloudplatformprojects.readonly","https://www.googleapis.com/auth/firebase","https://www.googleapis.com/auth/cloud-platform"]
[debug] [2018-03-17T03:40:28.093Z] > authorizing via signed-in user
[debug] [2018-03-17T03:40:28.093Z] > refreshing access token with scopes: ["email","https://www.googleapis.com/auth/cloud-platform","https://www.googleapis.com/auth/cloudplatformprojects.readonly","https://www.googleapis.com/auth/firebase","openid"]
[debug] [2018-03-17T03:40:28.093Z] >>> HTTP REQUEST POST https://www.googleapis.com/oauth2/v3/token  
 { refresh_token: '1/SPm0Z3HvRX-HnOK9gzwEj6N2VhtKNod_fbM_TTfcKEo',
  client_id: '563584335869-fgrhgmd47bqnekij5i8b5pr03ho849e6.apps.googleusercontent.com',
  client_secret: 'j9iVZfS8kkCEFUPaAeJV0sAi',
  grant_type: 'refresh_token',
  scope: 'email https://www.googleapis.com/auth/cloud-platform https://www.googleapis.com/auth/cloudplatformprojects.readonly https://www.googleapis.com/auth/firebase openid' } 
 Sat Mar 17 2018 11:40:28 GMT+0800 (Malay Peninsula Standard Time)
[debug] [2018-03-17T03:40:28.298Z] <<< HTTP RESPONSE 200
[debug] [2018-03-17T03:40:28.330Z] >>> HTTP REQUEST GET https://admin.firebase.com/v1/projects/friendlychat-cdfe1  
  
 Sat Mar 17 2018 11:40:28 GMT+0800 (Malay Peninsula Standard Time)
[debug] [2018-03-17T03:40:29.959Z] <<< HTTP RESPONSE 200
[debug] [2018-03-17T03:40:29.959Z] >>> HTTP REQUEST GET https://admin.firebase.com/v1/database/friendlychat-cdfe1/tokens  
  
 Sat Mar 17 2018 11:40:29 GMT+0800 (Malay Peninsula Standard Time)
[debug] [2018-03-17T03:40:31.121Z] <<< HTTP RESPONSE 200
[debug] [2018-03-17T03:40:31.121Z] >>> HTTP REQUEST GET https://cloudresourcemanager.googleapis.com/v1/projects/friendlychat-cdfe1  
  
 Sat Mar 17 2018 11:40:31 GMT+0800 (Malay Peninsula Standard Time)
[debug] [2018-03-17T03:40:32.341Z] <<< HTTP RESPONSE 200
[info] 
[info] === Serving from 'C:\Users\jerry.ho\Documents\ADA\Projects\Live Chat\friendlychat-web\web-start'...
[info] 
[debug] [2018-03-17T03:40:32.341Z] >>> HTTP REQUEST GET https://mobilesdk-pa.googleapis.com/v1/projects/448102232717/clients/_:getWebAppConfig  
  
 Sat Mar 17 2018 11:40:32 GMT+0800 (Malay Peninsula Standard Time)
[debug] [2018-03-17T03:40:33.357Z] <<< HTTP RESPONSE 200
[info] i  hosting: Serving hosting files from: ./
[info] +  hosting: Local server: http://localhost:5000

